<?xml version="1.0" encoding="UTF-8"?>
<!-- Generated by org.testng.reporters.JUnitReportReporter -->
<testsuite hostname="Kotresh" failures="0" tests="2" name="practice_hrm.DataProviderp" time="0.011" errors="0" timestamp="2023-07-06T15:05:58 IST" skipped="0">
  <testcase classname="practice_hrm.DataProviderp" name="addToCart" time="0.008"/>
  <system-out/>
  <testcase classname="practice_hrm.DataProviderp" name="addToCart" time="0.003"/>
  <system-out/>
</testsuite> <!-- practice_hrm.DataProviderp -->
