<?xml version="1.0" encoding="UTF-8"?>
<!-- Generated by org.testng.reporters.JUnitReportReporter -->
<testsuite hostname="Kotresh" failures="0" tests="1" name="hrm.HRhead.EmployeeTest" time="44.441" errors="0" timestamp="2023-07-12T16:35:56 IST" skipped="0">
  <testcase classname="hrm.HRhead.EmployeeTest" name="employeeTest" time="44.441"/>
  <system-out/>
</testsuite> <!-- hrm.HRhead.EmployeeTest -->
