<?xml version="1.0" encoding="UTF-8"?>
<!-- Generated by org.testng.reporters.JUnitReportReporter -->
<testsuite hostname="Kotresh" failures="0" tests="1" name="hrm.HRhead.EmployeeTest" time="40.559" errors="0" timestamp="2023-07-13T12:22:20 IST" skipped="0">
  <testcase classname="hrm.HRhead.EmployeeTest" name="employeeTest" time="40.559"/>
  <system-out/>
</testsuite> <!-- hrm.HRhead.EmployeeTest -->
