<?xml version="1.0" encoding="UTF-8"?>
<!-- Generated by org.testng.reporters.JUnitReportReporter -->
<testsuite hostname="Kotresh" failures="0" tests="1" name="practice_hrm.Dataproviderexcel" time="2.022" errors="0" timestamp="2023-07-06T15:57:45 IST" skipped="0">
  <testcase classname="practice_hrm.Dataproviderexcel" name="dataprovider1" time="2.022"/>
  <system-out/>
</testsuite> <!-- practice_hrm.Dataproviderexcel -->
