<?xml version="1.0" encoding="UTF-8"?>
<!-- Generated by org.testng.reporters.JUnitReportReporter -->
<testsuite hostname="Kotresh" failures="0" tests="1" name="hrm.HRhead.Demo1Test" time="0.021" errors="0" timestamp="2023-06-29T11:32:47 IST" skipped="0">
  <testcase classname="hrm.HRhead.Demo1Test" name="demo1" time="0.021"/>
  <system-out/>
</testsuite> <!-- hrm.HRhead.Demo1Test -->
